-------------------------------------------------------------------------------
Test set: com.example.javaprojectspring_boot.JavaProjectSpringBootApplicationTests
-------------------------------------------------------------------------------
Tests run: 1, Failures: 0, Errors: 1, Skipped: 0, Time elapsed: 6.38 s <<< FAILURE! - in com.example.javaprojectspring_boot.JavaProjectSpringBootApplicationTests
contextLoads  Time elapsed: 0.006 s  <<< ERROR!
java.lang.IllegalStateException: Failed to load ApplicationContext for [WebMergedContextConfiguration@15d04c41 testClass = com.example.javaprojectspring_boot.JavaProjectSpringBootApplicationTests, locations = [], classes = [com.example.javaprojectspring_boot.JavaProjectSpringBootApplication], contextInitializerClasses = [], activeProfiles = [], propertySourceLocations = [], propertySourceProperties = ["org.springframework.boot.test.context.SpringBootTestContextBootstrapper=true"], contextCustomizers = [org.springframework.boot.test.context.filter.ExcludeFilterContextCustomizer@6892b3b6, org.springframework.boot.test.json.DuplicateJsonObjectContextCustomizerFactory$DuplicateJsonObjectContextCustomizer@449a4f23, org.springframework.boot.test.mock.mockito.MockitoContextCustomizer@0, org.springframework.boot.test.web.client.TestRestTemplateContextCustomizer@3e27ba32, org.springframework.boot.test.autoconfigure.actuate.observability.ObservabilityContextCustomizerFactory$DisableObservabilityContextCustomizer@1f, org.springframework.boot.test.autoconfigure.properties.PropertyMappingContextCustomizer@0, org.springframework.boot.test.autoconfigure.web.servlet.WebDriverContextCustomizerFactory$Customizer@909217e, org.springframework.boot.test.context.SpringBootTestAnnotation@bdc2461f], resourceBasePath = "src/main/webapp", contextLoader = org.springframework.boot.test.context.SpringBootContextLoader, parent = null]
Caused by: org.springframework.beans.factory.UnsatisfiedDependencyException: Error creating bean with name 'chatController' defined in file [C:\Online\java-project-spring boot\target\classes\com\example\javaprojectspring_boot\chat\ChatController.class]: Unsatisfied dependency expressed through constructor parameter 0: Error creating bean with name 'chatService' defined in file [C:\Online\java-project-spring boot\target\classes\com\example\javaprojectspring_boot\chat\ChatService.class]: Unsatisfied dependency expressed through constructor parameter 1: Error creating bean with name 'chatRepository' defined in com.example.javaprojectspring_boot.chat.ChatRepository defined in @EnableJpaRepositories declared on JpaRepositoriesRegistrar.EnableJpaRepositoriesConfiguration: Could not create query for public abstract java.util.List com.example.javaprojectspring_boot.chat.ChatRepository.getAllByGetPhoneIsNotNull(java.lang.Integer); Reason: Failed to create query for method public abstract java.util.List com.example.javaprojectspring_boot.chat.ChatRepository.getAllByGetPhoneIsNotNull(java.lang.Integer); At least 1 parameter(s) provided but only 0 parameter(s) present in query
Caused by: org.springframework.beans.factory.UnsatisfiedDependencyException: Error creating bean with name 'chatService' defined in file [C:\Online\java-project-spring boot\target\classes\com\example\javaprojectspring_boot\chat\ChatService.class]: Unsatisfied dependency expressed through constructor parameter 1: Error creating bean with name 'chatRepository' defined in com.example.javaprojectspring_boot.chat.ChatRepository defined in @EnableJpaRepositories declared on JpaRepositoriesRegistrar.EnableJpaRepositoriesConfiguration: Could not create query for public abstract java.util.List com.example.javaprojectspring_boot.chat.ChatRepository.getAllByGetPhoneIsNotNull(java.lang.Integer); Reason: Failed to create query for method public abstract java.util.List com.example.javaprojectspring_boot.chat.ChatRepository.getAllByGetPhoneIsNotNull(java.lang.Integer); At least 1 parameter(s) provided but only 0 parameter(s) present in query
Caused by: org.springframework.beans.factory.BeanCreationException: Error creating bean with name 'chatRepository' defined in com.example.javaprojectspring_boot.chat.ChatRepository defined in @EnableJpaRepositories declared on JpaRepositoriesRegistrar.EnableJpaRepositoriesConfiguration: Could not create query for public abstract java.util.List com.example.javaprojectspring_boot.chat.ChatRepository.getAllByGetPhoneIsNotNull(java.lang.Integer); Reason: Failed to create query for method public abstract java.util.List com.example.javaprojectspring_boot.chat.ChatRepository.getAllByGetPhoneIsNotNull(java.lang.Integer); At least 1 parameter(s) provided but only 0 parameter(s) present in query
Caused by: org.springframework.data.repository.query.QueryCreationException: Could not create query for public abstract java.util.List com.example.javaprojectspring_boot.chat.ChatRepository.getAllByGetPhoneIsNotNull(java.lang.Integer); Reason: Failed to create query for method public abstract java.util.List com.example.javaprojectspring_boot.chat.ChatRepository.getAllByGetPhoneIsNotNull(java.lang.Integer); At least 1 parameter(s) provided but only 0 parameter(s) present in query
Caused by: java.lang.IllegalArgumentException: Failed to create query for method public abstract java.util.List com.example.javaprojectspring_boot.chat.ChatRepository.getAllByGetPhoneIsNotNull(java.lang.Integer); At least 1 parameter(s) provided but only 0 parameter(s) present in query
Caused by: java.lang.IllegalArgumentException: At least 1 parameter(s) provided but only 0 parameter(s) present in query

